<?xml version="1.0" encoding="UTF-8"?>
<!-- Generated by org.testng.reporters.JUnitReportReporter -->
<testsuite hostname="vs-lon-mac39.erm.dm-companies.com" failures="0" tests="1" name="LiveLoginTest" time="34.057" errors="0" timestamp="27 Sep 2018 09:10:45 GMT" skipped="0">
  <testcase classname="LiveLoginTest" name="loginPageLoadsCorrectly" time="34.057"/>
</testsuite> <!-- LiveLoginTest -->
