<?xml version="1.0" encoding="UTF-8"?>
<!-- Generated by org.testng.reporters.JUnitReportReporter -->
<testsuite hostname="vs-lon-mac39.erm.dm-companies.com" failures="0" tests="3" name="AdPostTest" time="80.276" errors="0" timestamp="27 Sep 2018 09:10:45 GMT" skipped="0">
  <testcase classname="AdPostTest" name="UnableToCreateAnAdWithMissingPostcode" time="23.933"/>
  <testcase classname="AdPostTest" name="CreateAValidAdAdultDating" time="24.222"/>
  <testcase classname="AdPostTest" name="UnableToCreateAnAdWithMissingTitle" time="32.121"/>
</testsuite> <!-- AdPostTest -->
