<?xml version="1.0" encoding="UTF-8"?>
<!-- Generated by org.testng.reporters.JUnitReportReporter -->
<testsuite hostname="vs-lon-mac39.erm.dm-companies.com" failures="0" tests="4" name="ScreenshotTest" time="83.007" errors="0" timestamp="27 Sep 2018 09:10:45 GMT" skipped="0">
  <testcase classname="ScreenshotTest" name="myDetailsPageScreenshot" time="20.119"/>
  <testcase classname="ScreenshotTest" name="loginPageScreenshot" time="12.140"/>
  <testcase classname="ScreenshotTest" name="myAdsPageScreenshot" time="26.454"/>
  <testcase classname="ScreenshotTest" name="alertPageScreenshot" time="24.294"/>
</testsuite> <!-- ScreenshotTest -->
