<?xml version="1.0" encoding="UTF-8"?>
<!-- Generated by org.testng.reporters.JUnitReportReporter -->
<testsuite hostname="vs-lon-mac39.erm.dm-companies.com" failures="0" tests="12" name="CreateAccountTest" time="495.548" errors="0" timestamp="27 Sep 2018 09:10:45 GMT" skipped="0">
  <testcase classname="CreateAccountTest" name="unableToCreateAnAccountWithInvalidEmailAddress" time="36.391"/>
  <testcase classname="CreateAccountTest" name="unableToCreateAnAccountWithMissingFullAddress" time="28.503"/>
  <testcase classname="CreateAccountTest" name="registerForYourFreeAccount" time="62.181"/>
  <testcase classname="CreateAccountTest" name="unableToCreateAnAccountWithNoEmail" time="39.715"/>
  <testcase classname="CreateAccountTest" name="unableToCreateAnAccountWithMissingPassword" time="53.122"/>
  <testcase classname="CreateAccountTest" name="unableToCreateAnAccountWithRegisteredEmailAddress" time="40.823"/>
  <testcase classname="CreateAccountTest" name="createAValidProfessionalAccount" time="40.612"/>
  <testcase classname="CreateAccountTest" name="unableToCreateAnAccountWithMissingUsername" time="34.892"/>
  <testcase classname="CreateAccountTest" name="createAValidIndividualAccount" time="39.151"/>
  <testcase classname="CreateAccountTest" name="unableToCreateAnAccountWithAnInvalidUsername" time="37.729"/>
  <testcase classname="CreateAccountTest" name="unableToCreateAnAccountWithMissingCompanyName" time="35.615"/>
  <testcase classname="CreateAccountTest" name="unableToCreateAnAccountWithNoData" time="46.814"/>
</testsuite> <!-- CreateAccountTest -->
